<?xml version="1.0" encoding="UTF-8"?>
<testng-results total="1" passed="1" failed="0" skipped="0">
  <reporter-output>
  </reporter-output>
  <suite started-at="2021-09-18T10:27:10Z" name="Suite" finished-at="2021-09-18T10:27:13Z" duration-ms="2599">
    <groups>
    </groups>
    <test started-at="2021-09-18T10:27:10Z" name="Test" finished-at="2021-09-18T10:27:13Z" duration-ms="2599">
      <class name="com.Sangeeth.MavenProject.MavenTest">
        <test-method signature="browserLaunch()[pri:0, instance:com.Sangeeth.MavenProject.MavenTest@4066c471]" started-at="2021-09-18T15:57:10Z" name="browserLaunch" finished-at="2021-09-18T15:57:13Z" duration-ms="2582" status="PASS">
          <reporter-output>
          </reporter-output>
        </test-method> <!-- browserLaunch -->
      </class> <!-- com.Sangeeth.MavenProject.MavenTest -->
    </test> <!-- Test -->
  </suite> <!-- Suite -->
</testng-results>
