<?xml version="1.0" encoding="UTF-8"?>
<testng-results total="1" passed="1" failed="0" skipped="0">
  <reporter-output>
  </reporter-output>
  <suite started-at="2021-09-18T10:15:11Z" name="Default suite" finished-at="2021-09-18T10:15:33Z" duration-ms="22489">
    <groups>
    </groups>
    <test started-at="2021-09-18T10:15:11Z" name="Default test" finished-at="2021-09-18T10:15:33Z" duration-ms="22489">
      <class name="com.Sangeeth.MavenProject.MavenTest">
        <test-method signature="browserLaunch()[pri:0, instance:com.Sangeeth.MavenProject.MavenTest@7d898981]" started-at="2021-09-18T15:45:11Z" name="browserLaunch" finished-at="2021-09-18T15:45:33Z" duration-ms="22456" status="PASS">
          <reporter-output>
          </reporter-output>
        </test-method> <!-- browserLaunch -->
      </class> <!-- com.Sangeeth.MavenProject.MavenTest -->
    </test> <!-- Default test -->
  </suite> <!-- Default suite -->
</testng-results>
